<?xml version="1.0" encoding="UTF-8"?>
<coverage generated="1526804179536" clover="3.2.0">
  <project timestamp="1526804179536" name="All files">
    <metrics statements="5" coveredstatements="1" conditionals="0" coveredconditionals="0" methods="4" coveredmethods="1" elements="9" coveredelements="2" complexity="0" loc="5" ncloc="5" packages="2" files="3" classes="3">
      <package name="src">
        <metrics statements="4" coveredstatements="0" conditionals="0" coveredconditionals="0" methods="3" coveredmethods="0"/>
        <file name="App.vue" path="D:\webstrom\template\src\App.vue">
          <metrics statements="2" coveredstatements="0" conditionals="0" coveredconditionals="0" methods="2" coveredmethods="0"/>
          <line num="21" count="0" type="stmt"/>
          <line num="26" count="0" type="stmt"/>
        </file>
        <file name="test2.js" path="D:\webstrom\template\src\test2.js">
          <metrics statements="2" coveredstatements="0" conditionals="0" coveredconditionals="0" methods="1" coveredmethods="0"/>
          <line num="1" count="0" type="stmt"/>
          <line num="2" count="0" type="stmt"/>
        </file>
      </package>
      <package name="src.components">
        <metrics statements="1" coveredstatements="1" conditionals="0" coveredconditionals="0" methods="1" coveredmethods="1"/>
        <file name="HelloWorld.vue" path="D:\webstrom\template\src\components\HelloWorld.vue">
          <metrics statements="1" coveredstatements="1" conditionals="0" coveredconditionals="0" methods="1" coveredmethods="1"/>
          <line num="90" count="1" type="stmt"/>
        </file>
      </package>
    </metrics>
  </project>
</coverage>
