<?xml version="1.0" encoding="UTF-8"?>
<coverage generated="1527077002232" clover="3.2.0">
  <project timestamp="1527077002232" name="All files">
    <metrics statements="4" coveredstatements="0" conditionals="0" coveredconditionals="0" methods="2" coveredmethods="0" elements="6" coveredelements="0" complexity="0" loc="4" ncloc="4" packages="1" files="1" classes="1">
      <file name="demo.js" path="/Users/JackyDu/WebstormProjects/practice/src/demo.js">
        <metrics statements="4" coveredstatements="0" conditionals="0" coveredconditionals="0" methods="2" coveredmethods="0"/>
        <line num="1" count="0" type="stmt"/>
        <line num="2" count="0" type="stmt"/>
        <line num="5" count="0" type="stmt"/>
        <line num="6" count="0" type="stmt"/>
      </file>
    </metrics>
  </project>
</coverage>
