{"/Users/JackyDu/WebstormProjects/practice/src/demo.js": {"path":"/Users/JackyDu/WebstormProjects/practice/src/demo.js","statementMap":{"0":{"start":{"line":1,"column":11},"end":{"line":1,"column":0}},"1":{"start":{"line":2,"column":2},"end":{"line":null,"column":-1}},"2":{"start":{"line":5,"column":14},"end":{"line":5,"column":0}},"3":{"start":{"line":6,"column":2},"end":{"line":null,"column":-1}}},"fnMap":{"0":{"name":"sum","decl":{"start":{"line":1,"column":6},"end":{"line":1,"column":11}},"loc":{"start":{"line":1,"column":24},"end":{"line":1,"column":0}}},"1":{"name":"compare","decl":{"start":{"line":5,"column":6},"end":{"line":5,"column":14}},"loc":{"start":{"line":5,"column":27},"end":{"line":5,"column":0}}}},"branchMap":{},"s":{"0":0,"1":0,"2":0,"3":0},"f":{"0":0,"1":0},"b":{}}
}
