{"D:\\webstrom\\template\\src\\App.vue": {"path":"D:\\webstrom\\template\\src\\App.vue","statementMap":{"0":{"start":{"line":21,"column":0},"end":{"line":null,"column":-1}},"1":{"start":{"line":26,"column":0},"end":{"line":null,"column":-1}}},"fnMap":{"0":{"name":"data","decl":{"start":{"line":20,"column":0},"end":{"line":null,"column":-1}},"loc":{"start":{"line":20,"column":0},"end":{"line":24,"column":0}}},"1":{"name":"mounted","decl":{"start":{"line":25,"column":0},"end":{"line":null,"column":-1}},"loc":{"start":{"line":25,"column":0},"end":{"line":27,"column":0}}}},"branchMap":{},"s":{"0":0,"1":0},"f":{"0":0,"1":0},"b":{}}
,"D:\\webstrom\\template\\src\\test2.js": {"path":"D:\\webstrom\\template\\src\\test2.js","statementMap":{"0":{"start":{"line":1,"column":11},"end":{"line":1,"column":0}},"1":{"start":{"line":2,"column":2},"end":{"line":null,"column":-1}}},"fnMap":{"0":{"name":"ac","decl":{"start":{"line":1,"column":6},"end":{"line":1,"column":11}},"loc":{"start":{"line":1,"column":23},"end":{"line":1,"column":0}}}},"branchMap":{},"s":{"0":0,"1":0},"f":{"0":0},"b":{}}
,"D:\\webstrom\\template\\src\\components\\HelloWorld.vue": {"path":"D:\\webstrom\\template\\src\\components\\HelloWorld.vue","statementMap":{"0":{"start":{"line":90,"column":0},"end":{"line":null,"column":-1}}},"fnMap":{"0":{"name":"data","decl":{"start":{"line":89,"column":0},"end":{"line":null,"column":-1}},"loc":{"start":{"line":89,"column":0},"end":{"line":93,"column":0}}}},"branchMap":{},"s":{"0":1},"f":{"0":1},"b":{}}
}
